Determining if the pthread_create exist failed with the following output:
Change Dir: /home/batty-alex/my_first_game_engine/build/CMakeFiles/CMakeTmp

Run Build Command:"/usr/bin/make" "cmTC_1d12e/fast"
/usr/bin/make -f CMakeFiles/cmTC_1d12e.dir/build.make CMakeFiles/cmTC_1d12e.dir/build
make[1]: Entering directory '/home/batty-alex/my_first_game_engine/build/CMakeFiles/CMakeTmp'
Building C object CMakeFiles/cmTC_1d12e.dir/CheckSymbolExists.c.o
/usr/bin/cc    -o CMakeFiles/cmTC_1d12e.dir/CheckSymbolExists.c.o   -c /home/batty-alex/my_first_game_engine/build/CMakeFiles/CMakeTmp/CheckSymbolExists.c
Linking C executable cmTC_1d12e
/home/batty-alex/clion-1.1.1/bin/cmake/bin/cmake -E cmake_link_script CMakeFiles/cmTC_1d12e.dir/link.txt --verbose=1
/usr/bin/cc       CMakeFiles/cmTC_1d12e.dir/CheckSymbolExists.c.o  -o cmTC_1d12e -rdynamic 
CMakeFiles/cmTC_1d12e.dir/CheckSymbolExists.c.o: In function `main':
CheckSymbolExists.c:(.text+0x16): undefined reference to `pthread_create'
collect2: error: ld returned 1 exit status
CMakeFiles/cmTC_1d12e.dir/build.make:97: recipe for target 'cmTC_1d12e' failed
make[1]: *** [cmTC_1d12e] Error 1
make[1]: Leaving directory '/home/batty-alex/my_first_game_engine/build/CMakeFiles/CMakeTmp'
Makefile:126: recipe for target 'cmTC_1d12e/fast' failed
make: *** [cmTC_1d12e/fast] Error 2

File /home/batty-alex/my_first_game_engine/build/CMakeFiles/CMakeTmp/CheckSymbolExists.c:
/* */
#include <pthread.h>

int main(int argc, char** argv)
{
  (void)argv;
#ifndef pthread_create
  return ((int*)(&pthread_create))[argc];
#else
  (void)argc;
  return 0;
#endif
}

Determining if the function pthread_create exists in the pthreads failed with the following output:
Change Dir: /home/batty-alex/my_first_game_engine/build/CMakeFiles/CMakeTmp

Run Build Command:"/usr/bin/make" "cmTC_5a28b/fast"
/usr/bin/make -f CMakeFiles/cmTC_5a28b.dir/build.make CMakeFiles/cmTC_5a28b.dir/build
make[1]: Entering directory '/home/batty-alex/my_first_game_engine/build/CMakeFiles/CMakeTmp'
Building C object CMakeFiles/cmTC_5a28b.dir/CheckFunctionExists.c.o
/usr/bin/cc   -DCHECK_FUNCTION_EXISTS=pthread_create   -o CMakeFiles/cmTC_5a28b.dir/CheckFunctionExists.c.o   -c /home/batty-alex/clion-1.1.1/bin/cmake/share/cmake-3.3/Modules/CheckFunctionExists.c
Linking C executable cmTC_5a28b
/home/batty-alex/clion-1.1.1/bin/cmake/bin/cmake -E cmake_link_script CMakeFiles/cmTC_5a28b.dir/link.txt --verbose=1
/usr/bin/cc   -DCHECK_FUNCTION_EXISTS=pthread_create    CMakeFiles/cmTC_5a28b.dir/CheckFunctionExists.c.o  -o cmTC_5a28b -rdynamic -lpthreads 
/usr/bin/ld: cannot find -lpthreads
collect2: error: ld returned 1 exit status
CMakeFiles/cmTC_5a28b.dir/build.make:97: recipe for target 'cmTC_5a28b' failed
make[1]: *** [cmTC_5a28b] Error 1
make[1]: Leaving directory '/home/batty-alex/my_first_game_engine/build/CMakeFiles/CMakeTmp'
Makefile:126: recipe for target 'cmTC_5a28b/fast' failed
make: *** [cmTC_5a28b/fast] Error 2


